  Building GameAssembly.dll with MsvcWinRtToolChain
  	Msvc Install Version: 15.0
  	Msvc Install SDK Directory: C:\Program Files (x86)\Windows Kits\10
  	Msvc Linker Path: C:\Program Files (x86)\Microsoft Visual Studio\2019\Enterprise\VC\Tools\MSVC\14.27.29110\bin\HostX64\x86\link.exe
  	Msvc Compiler Path: C:\Program Files (x86)\Microsoft Visual Studio\2019\Enterprise\VC\Tools\MSVC\14.27.29110\bin\HostX64\x86\cl.exe
  
  	Output directory: C:\Users\vjppa\source\repos\ERNI.SmartHomeAR\Apps\build\bin\Win32\Release
  	Cache directory: C:\Users\vjppa\source\repos\ERNI.SmartHomeAR\Apps\build\obj\il2cppOutputProject\Win32\Release
  Il2CppGenericMethodDefinitions.c
  Il2CppCompilerCalculateTypeValues2.cpp
  Il2CppTypeDefinitions.c
  Il2CppInteropDataTable.cpp
  Il2CppAttributes.cpp
  mscorlib_CodeGen.c
  Microsoft.MixedReality.Toolkit.SDK_CodeGen.c
  Il2CppCompilerCalculateTypeValues1.cpp
  Microsoft.MixedReality.Toolkit_CodeGen.c
  UnityEngine.CoreModule_CodeGen.c
  Il2CppCompilerCalculateTypeValuesTable.cpp
  UnityEngine.CoreModule.cpp
  UnityEngine.UI_CodeGen.c
  Unity.TextMeshPro_CodeGen.c
  Il2CppCompilerCalculateTypeValues.cpp
  Microsoft.MixedReality.Toolkit.Examples_CodeGen.c
  UnityEngine.UIElementsModule_CodeGen.c
  System_CodeGen.c
  Microsoft.MixedReality.Toolkit.Services.InputSystem_CodeGen.c
  System.Runtime.WindowsRuntime_CodeGen.c
  UnityEngine.SharedInternalsModule.cpp
  UnityEngine.AndroidJNIModule_CodeGen.c
  Microsoft.MixedReality.Toolkit.Async_CodeGen.c
  UnityEngine.XRModule_CodeGen.c
  UnityEngine.AudioModule.cpp
  UnityEngine.TextCoreModule_CodeGen.c
  System.Core_CodeGen.c
  UnityEngine.SharedInternalsModule_CodeGen.c
  UnityEngine.AudioModule_CodeGen.c
  Microsoft.MixedReality.Toolkit.Services.SpatialAwarenessSystem_CodeGen.c
  UnityEngine.SubsystemsModule_CodeGen.c
  Il2CppCodeRegistration.cpp
  UnityEngine.JSONSerializeModule_CodeGen.c
  Il2CppMetadataRegistration.c
  ObjectFiles: 382 of which compiled: 34
  	Time Compile: 6807 milliseconds Il2CppAttributes.cpp
  	Time Compile: 5985 milliseconds Il2CppTypeDefinitions.c
  	Time Compile: 4639 milliseconds Il2CppCompilerCalculateTypeValues2.cpp
  	Time Compile: 3697 milliseconds Il2CppGenericMethodDefinitions.c
  	Time Compile: 3582 milliseconds Il2CppCompilerCalculateTypeValues1.cpp
  	Time Compile: 2717 milliseconds Il2CppCompilerCalculateTypeValues.cpp
  	Time Compile: 1702 milliseconds UnityEngine.CoreModule.cpp
  	Time Compile: 1600 milliseconds Il2CppInteropDataTable.cpp
  	Time Compile: 884 milliseconds Il2CppCompilerCalculateTypeValuesTable.cpp
  	Time Compile: 784 milliseconds UnityEngine.UI_CodeGen.c
  Total compilation time: 10788 milliseconds.
  Creating library C:\Users\vjppa\source\repos\ERNI.SmartHomeAR\Apps\build\obj\il2cppOutputProject\Win32\Release\linkresult_9087A22685CC452BC27DAC3FB8B4C012\GameAssembly.lib and object C:\Users\vjppa\source\repos\ERNI.SmartHomeAR\Apps\build\obj\il2cppOutputProject\Win32\Release\linkresult_9087A22685CC452BC27DAC3FB8B4C012\GameAssembly.exp
  Total link time: 119431 milliseconds.
  Cleaned up 70 object files.
